
.@.............
...............
...............
...............
...............
...............
...............
....ooo#.......
...............
...............
...............
...............
...............
...............
...............

.@.............
...............
...............
...............
...............
...............
.......#.......
.....ooo.......
...............
...............
...............
...............
...............
...............
...............

.@.............
...............
...............
...............
...............
.......#.......
.......o.......
......oo.......
...............
...............
...............
...............
...............
...............
...............

.@.............
...............
...............
...............
.......#.......
.......o.......
.......o.......
.......o.......
...............
...............
...............
...............
...............
...............
...............

.@.............
...............
...............
.......#.......
.......o.......
.......o.......
.......o.......
...............
...............
...............
...............
...............
...............
...............
...............

.@.............
...............
.......#.......
.......o.......
.......o.......
.......o.......
...............
...............
...............
...............
...............
...............
...............
...............
...............

.@.............
.......#.......
.......o.......
.......o.......
.......o.......
...............
...............
...............
...............
...............
...............
...............
...............
...............
...............

.@.....#.......
.......o.......
.......o.......
.......o.......
...............
...............
...............
...............
...............
...............
...............
...............
...............
...............
...............

.@....#o.......
.......o.......
.......o.......
...............
...............
...............
...............
...............
...............
...............
...............
...............
...............
...............
...............

.@...#oo.......
.......o.......
...............
...............
...............
...............
...............
...............
...............
...............
...............
...............
...............
...............
...............

.@..#ooo.......
...............
...............
...............
...............
...............
...............
...............
...............
...............
...............
...............
...............
...............
...............

.@.#ooo........
...............
...............
...............
...............
...............
...............
...............
...............
...............
...............
...............
...............
...............
...............

.@#ooo.........
...............
...............
...............
...............
...............
...............
...............
...............
...............
...............
...............
...............
...............
...............

.#ooo..........
...............
...............
...............
...............
....@..........
...............
...............
...............
...............
...............
...............
...............
...............
...............

.oooo..........
.#.............
...............
...............
...............
....@..........
...............
...............
...............
...............
...............
...............
...............
...............
...............

.oooo..........
.o.............
.#.............
...............
...............
....@..........
...............
...............
...............
...............
...............
...............
...............
...............
...............

.oooo..........
.o.............
.o.............
.#.............
...............
....@..........
...............
...............
...............
...............
...............
...............
...............
...............
...............

.ooo...........
.o.............
.o.............
.o#............
...............
....@..........
...............
...............
...............
...............
...............
...............
...............
...............
...............

.oo............
.o.............
.o#............
.oo............
...............
....@..........
...............
...............
...............
...............
...............
...............
...............
...............
...............

.o.............
.o#............
.oo............
.oo............
...............
....@..........
...............
...............
...............
...............
...............
...............
...............
...............
...............
Game over! Your score was 2
